#-----------------------------------------------------------
# Vivado v2024.2 (64-bit)
# SW Build 5239630 on Fri Nov 08 22:35:27 MST 2024
# IP Build 5239520 on Sun Nov 10 16:12:51 MST 2024
# SharedData Build 5239561 on Fri Nov 08 14:39:27 MST 2024
# Start of session at: Thu Apr 10 02:25:02 2025
# Process ID         : 52960
# Current directory  : D:/xlinx/11PSK–°Œ Ã‚/2023D_FPGA
# Command line       : vivado.exe -gui_launcher_event rodinguilauncherevent34576 D:\xlinx\11PSK–°Œ Ã‚\2023D_FPGA\2023D_FPGA.xpr
# Log file           : D:/xlinx/11PSK–°Œ Ã‚/2023D_FPGA/vivado.log
# Journal file       : D:/xlinx/11PSK–°Œ Ã‚/2023D_FPGA\vivado.jou
# Running On         : GL_PC
# Platform           : Windows Server 2016 or Windows 10
# Operating System   : 26100
# Processor Detail   : 12th Gen Intel(R) Core(TM) i7-1260P
# CPU Frequency      : 2496 MHz
# CPU Physical cores : 12
# CPU Logical cores  : 16
# Host memory        : 16849 MB
# Swap memory        : 19327 MB
# Total Virtual      : 36176 MB
# Available Virtual  : 11388 MB
#-----------------------------------------------------------
start_gui
open_project D:/xlinx/11PSK–°Œ Ã‚/2023D_FPGA/2023D_FPGA.xpr
INFO: [Project 1-313] Project file moved from 'D:/2024E_Design/2023D/FPGA_Code/2023D_FPGA' since last save.
WARNING: [filemgmt 56-3] IPUserFilesDir: Could not find the directory 'D:/xlinx/11PSK–°Œ Ã‚/2023D_FPGA/2023D_FPGA.ip_user_files'.
Scanning sources...
Finished scanning sources
INFO: [IP_Flow 19-234] Refreshing IP repositories
INFO: [IP_Flow 19-1704] No user IP repositories specified
INFO: [IP_Flow 19-2313] Loaded Vivado IP repository 'C:/Xilinx/Vivado/2024.2/data/ip'.
INFO: [Project 1-5579] Found utility IPs instantiated in one or more block designs which have equivalent inline hdl with improved performance and reduced diskspace. It is recommended to migrate these utility IPs to inline hdl using the command upgrade_project -migrate_to_inline_hdl. The utility IPs may be deprecated in future releases. More information on inline hdl is available in UG994.
open_project: Time (s): cpu = 00:00:27 ; elapsed = 00:00:15 . Memory (MB): peak = 1176.047 ; gain = 86.277
WARNING: [filemgmt 56-199] Attempt to get parsing info during refresh. "On-the-fly" syntax checking information may be incorrect. [D:\xlinx\11PSK–°Œ Ã‚\2023D_FPGA\Design\Code\top.v:]
WARNING: [filemgmt 56-199] Attempt to get parsing info during refresh. "On-the-fly" syntax checking information may be incorrect. [D:\xlinx\11PSK–°Œ Ã‚\2023D_FPGA\Design\Code\MEASURE\ma_measure.v:]
WARNING: [filemgmt 56-199] Attempt to get parsing info during refresh. "On-the-fly" syntax checking information may be incorrect. [D:\xlinx\11PSK–°Œ Ã‚\2023D_FPGA\Design\Code\ADDA\ad_da_test.v:]
WARNING: [filemgmt 56-199] Attempt to get parsing info during refresh. "On-the-fly" syntax checking information may be incorrect. [D:\xlinx\11PSK–°Œ Ã‚\2023D_FPGA\Design\Code\MEASURE\measure.v:]
WARNING: [filemgmt 56-199] Attempt to get parsing info during refresh. "On-the-fly" syntax checking information may be incorrect. [D:\xlinx\11PSK–°Œ Ã‚\2023D_FPGA\Design\Code\top.v:]
WARNING: [filemgmt 56-199] Attempt to get parsing info during refresh. "On-the-fly" syntax checking information may be incorrect. [D:\xlinx\11PSK–°Œ Ã‚\2023D_FPGA\Design\Code\top.v:]
WARNING: [filemgmt 56-199] Attempt to get parsing info during refresh. "On-the-fly" syntax checking information may be incorrect. [D:\xlinx\11PSK–°Œ Ã‚\2023D_FPGA\Design\Code\top.v:]
WARNING: [filemgmt 56-199] Attempt to get parsing info during refresh. "On-the-fly" syntax checking information may be incorrect. [D:\xlinx\11PSK–°Œ Ã‚\2023D_FPGA\Design\Code\MEASURE\ma_measure.v:]
WARNING: [filemgmt 56-199] Attempt to get parsing info during refresh. "On-the-fly" syntax checking information may be incorrect. [D:\xlinx\11PSK–°Œ Ã‚\2023D_FPGA\Design\Code\ADDA\ad_da_test.v:]
WARNING: [filemgmt 56-199] Attempt to get parsing info during refresh. "On-the-fly" syntax checking information may be incorrect. [D:\xlinx\11PSK–°Œ Ã‚\2023D_FPGA\Design\Code\MEASURE\measure.v:]
WARNING: [filemgmt 56-199] Attempt to get parsing info during refresh. "On-the-fly" syntax checking information may be incorrect. [D:\xlinx\11PSK–°Œ Ã‚\2023D_FPGA\Design\Code\MEASURE\ma_measure.v:]
WARNING: [filemgmt 56-199] Attempt to get parsing info during refresh. "On-the-fly" syntax checking information may be incorrect. [D:\xlinx\11PSK–°Œ Ã‚\2023D_FPGA\Design\Code\MEASURE\ma_measure.v:]
WARNING: [filemgmt 56-199] Attempt to get parsing info during refresh. "On-the-fly" syntax checking information may be incorrect. [D:\xlinx\11PSK–°Œ Ã‚\2023D_FPGA\Design\Code\top.v:]
WARNING: [filemgmt 56-199] Attempt to get parsing info during refresh. "On-the-fly" syntax checking information may be incorrect. [D:\xlinx\11PSK–°Œ Ã‚\2023D_FPGA\Design\Code\MEASURE\ma_measure.v:]
WARNING: [filemgmt 56-199] Attempt to get parsing info during refresh. "On-the-fly" syntax checking information may be incorrect. [D:\xlinx\11PSK–°Œ Ã‚\2023D_FPGA\Design\Code\ADDA\ad_da_test.v:]
WARNING: [filemgmt 56-199] Attempt to get parsing info during refresh. "On-the-fly" syntax checking information may be incorrect. [D:\xlinx\11PSK–°Œ Ã‚\2023D_FPGA\Design\Code\MEASURE\measure.v:]
WARNING: [filemgmt 56-199] Attempt to get parsing info during refresh. "On-the-fly" syntax checking information may be incorrect. [D:\xlinx\11PSK–°Œ Ã‚\2023D_FPGA\Design\Code\top.v:]
WARNING: [filemgmt 56-199] Attempt to get parsing info during refresh. "On-the-fly" syntax checking information may be incorrect. [D:\xlinx\11PSK–°Œ Ã‚\2023D_FPGA\Design\Code\top.v:]
WARNING: [filemgmt 56-199] Attempt to get parsing info during refresh. "On-the-fly" syntax checking information may be incorrect. [D:\xlinx\11PSK–°Œ Ã‚\2023D_FPGA\Design\Code\top.v:]
WARNING: [filemgmt 56-199] Attempt to get parsing info during refresh. "On-the-fly" syntax checking information may be incorrect. [D:\xlinx\11PSK–°Œ Ã‚\2023D_FPGA\Design\Code\MEASURE\ma_measure.v:]
WARNING: [filemgmt 56-199] Attempt to get parsing info during refresh. "On-the-fly" syntax checking information may be incorrect. [D:\xlinx\11PSK–°Œ Ã‚\2023D_FPGA\Design\Code\ADDA\ad_da_test.v:]
WARNING: [filemgmt 56-199] Attempt to get parsing info during refresh. "On-the-fly" syntax checking information may be incorrect. [D:\xlinx\11PSK–°Œ Ã‚\2023D_FPGA\Design\Code\MEASURE\measure.v:]
WARNING: [filemgmt 56-199] Attempt to get parsing info during refresh. "On-the-fly" syntax checking information may be incorrect. [D:\xlinx\11PSK–°Œ Ã‚\2023D_FPGA\Design\Code\MEASURE\measure.v:]
WARNING: [filemgmt 56-199] Attempt to get parsing info during refresh. "On-the-fly" syntax checking information may be incorrect. [D:\xlinx\11PSK–°Œ Ã‚\2023D_FPGA\Design\Code\MEASURE\measure.v:]
ERROR: [Common 17-180] Spawn failed: Illegal byte sequence
WARNING: [filemgmt 56-199] Attempt to get parsing info during refresh. "On-the-fly" syntax checking information may be incorrect. [D:\xlinx\11PSK–°Œ Ã‚\2023D_FPGA\Design\Code\top.v:]
WARNING: [filemgmt 56-199] Attempt to get parsing info during refresh. "On-the-fly" syntax checking information may be incorrect. [D:\xlinx\11PSK–°Œ Ã‚\2023D_FPGA\Design\Code\MEASURE\ma_measure.v:]
WARNING: [filemgmt 56-199] Attempt to get parsing info during refresh. "On-the-fly" syntax checking information may be incorrect. [D:\xlinx\11PSK–°Œ Ã‚\2023D_FPGA\Design\Code\ADDA\ad_da_test.v:]
WARNING: [filemgmt 56-199] Attempt to get parsing info during refresh. "On-the-fly" syntax checking information may be incorrect. [D:\xlinx\11PSK–°Œ Ã‚\2023D_FPGA\Design\Code\MEASURE\measure.v:]
WARNING: [filemgmt 56-199] Attempt to get parsing info during refresh. "On-the-fly" syntax checking information may be incorrect. [D:\xlinx\11PSK–°Œ Ã‚\2023D_FPGA\Design\Code\ADDA\ad_da_test.v:]
WARNING: [filemgmt 56-199] Attempt to get parsing info during refresh. "On-the-fly" syntax checking information may be incorrect. [D:\xlinx\11PSK–°Œ Ã‚\2023D_FPGA\Design\Code\ADDA\ad_da_test.v:]
ERROR: [Common 17-180] Spawn failed: Illegal byte sequence
WARNING: [filemgmt 56-199] Attempt to get parsing info during refresh. "On-the-fly" syntax checking information may be incorrect. [D:\xlinx\11PSK–°Œ Ã‚\2023D_FPGA\Design\Code\top.v:]
WARNING: [filemgmt 56-199] Attempt to get parsing info during refresh. "On-the-fly" syntax checking information may be incorrect. [D:\xlinx\11PSK–°Œ Ã‚\2023D_FPGA\Design\Code\MEASURE\ma_measure.v:]
WARNING: [filemgmt 56-199] Attempt to get parsing info during refresh. "On-the-fly" syntax checking information may be incorrect. [D:\xlinx\11PSK–°Œ Ã‚\2023D_FPGA\Design\Code\ADDA\ad_da_test.v:]
WARNING: [filemgmt 56-199] Attempt to get parsing info during refresh. "On-the-fly" syntax checking information may be incorrect. [D:\xlinx\11PSK–°Œ Ã‚\2023D_FPGA\Design\Code\MEASURE\measure.v:]
WARNING: [filemgmt 56-199] Attempt to get parsing info during refresh. "On-the-fly" syntax checking information may be incorrect. [D:\xlinx\11PSK–°Œ Ã‚\2023D_FPGA\Design\Code\top.v:]
WARNING: [filemgmt 56-199] Attempt to get parsing info during refresh. "On-the-fly" syntax checking information may be incorrect. [D:\xlinx\11PSK–°Œ Ã‚\2023D_FPGA\Design\Code\top.v:]
WARNING: [filemgmt 56-199] Attempt to get parsing info during refresh. "On-the-fly" syntax checking information may be incorrect. [D:\xlinx\11PSK–°Œ Ã‚\2023D_FPGA\Design\Code\top.v:]
WARNING: [filemgmt 56-199] Attempt to get parsing info during refresh. "On-the-fly" syntax checking information may be incorrect. [D:\xlinx\11PSK–°Œ Ã‚\2023D_FPGA\Design\Code\MEASURE\ma_measure.v:]
WARNING: [filemgmt 56-199] Attempt to get parsing info during refresh. "On-the-fly" syntax checking information may be incorrect. [D:\xlinx\11PSK–°Œ Ã‚\2023D_FPGA\Design\Code\ADDA\ad_da_test.v:]
WARNING: [filemgmt 56-199] Attempt to get parsing info during refresh. "On-the-fly" syntax checking information may be incorrect. [D:\xlinx\11PSK–°Œ Ã‚\2023D_FPGA\Design\Code\MEASURE\measure.v:]
WARNING: [filemgmt 56-199] Attempt to get parsing info during refresh. "On-the-fly" syntax checking information may be incorrect. [D:\xlinx\11PSK–°Œ Ã‚\2023D_FPGA\Design\Code\MEASURE\ma_measure.v:]
WARNING: [filemgmt 56-199] Attempt to get parsing info during refresh. "On-the-fly" syntax checking information may be incorrect. [D:\xlinx\11PSK–°Œ Ã‚\2023D_FPGA\Design\Code\MEASURE\ma_measure.v:]
WARNING: [filemgmt 56-199] Attempt to get parsing info during refresh. "On-the-fly" syntax checking information may be incorrect. [D:\xlinx\11PSK–°Œ Ã‚\2023D_FPGA\Design\Code\top.v:]
WARNING: [filemgmt 56-199] Attempt to get parsing info during refresh. "On-the-fly" syntax checking information may be incorrect. [D:\xlinx\11PSK–°Œ Ã‚\2023D_FPGA\Design\Code\MEASURE\ma_measure.v:]
WARNING: [filemgmt 56-199] Attempt to get parsing info during refresh. "On-the-fly" syntax checking information may be incorrect. [D:\xlinx\11PSK–°Œ Ã‚\2023D_FPGA\Design\Code\ADDA\ad_da_test.v:]
WARNING: [filemgmt 56-199] Attempt to get parsing info during refresh. "On-the-fly" syntax checking information may be incorrect. [D:\xlinx\11PSK–°Œ Ã‚\2023D_FPGA\Design\Code\MEASURE\measure.v:]
WARNING: [filemgmt 56-199] Attempt to get parsing info during refresh. "On-the-fly" syntax checking information may be incorrect. [D:\xlinx\11PSK–°Œ Ã‚\2023D_FPGA\Design\Code\MEASURE\measure.v:]
WARNING: [filemgmt 56-199] Attempt to get parsing info during refresh. "On-the-fly" syntax checking information may be incorrect. [D:\xlinx\11PSK–°Œ Ã‚\2023D_FPGA\Design\Code\MEASURE\measure.v:]
ERROR: [Common 17-180] Spawn failed: Illegal byte sequence
WARNING: [filemgmt 56-199] Attempt to get parsing info during refresh. "On-the-fly" syntax checking information may be incorrect. [D:\xlinx\11PSK–°Œ Ã‚\2023D_FPGA\Design\Code\top.v:]
WARNING: [filemgmt 56-199] Attempt to get parsing info during refresh. "On-the-fly" syntax checking information may be incorrect. [D:\xlinx\11PSK–°Œ Ã‚\2023D_FPGA\Design\Code\MEASURE\ma_measure.v:]
WARNING: [filemgmt 56-199] Attempt to get parsing info during refresh. "On-the-fly" syntax checking information may be incorrect. [D:\xlinx\11PSK–°Œ Ã‚\2023D_FPGA\Design\Code\ADDA\ad_da_test.v:]
WARNING: [filemgmt 56-199] Attempt to get parsing info during refresh. "On-the-fly" syntax checking information may be incorrect. [D:\xlinx\11PSK–°Œ Ã‚\2023D_FPGA\Design\Code\MEASURE\measure.v:]
WARNING: [filemgmt 56-199] Attempt to get parsing info during refresh. "On-the-fly" syntax checking information may be incorrect. [D:\xlinx\11PSK–°Œ Ã‚\2023D_FPGA\Design\Code\top.v:]
WARNING: [filemgmt 56-199] Attempt to get parsing info during refresh. "On-the-fly" syntax checking information may be incorrect. [D:\xlinx\11PSK–°Œ Ã‚\2023D_FPGA\Design\Code\top.v:]
WARNING: [filemgmt 56-199] Attempt to get parsing info during refresh. "On-the-fly" syntax checking information may be incorrect. [D:\xlinx\11PSK–°Œ Ã‚\2023D_FPGA\Design\Code\top.v:]
WARNING: [filemgmt 56-199] Attempt to get parsing info during refresh. "On-the-fly" syntax checking information may be incorrect. [D:\xlinx\11PSK–°Œ Ã‚\2023D_FPGA\Design\Code\MEASURE\ma_measure.v:]
WARNING: [filemgmt 56-199] Attempt to get parsing info during refresh. "On-the-fly" syntax checking information may be incorrect. [D:\xlinx\11PSK–°Œ Ã‚\2023D_FPGA\Design\Code\ADDA\ad_da_test.v:]
WARNING: [filemgmt 56-199] Attempt to get parsing info during refresh. "On-the-fly" syntax checking information may be incorrect. [D:\xlinx\11PSK–°Œ Ã‚\2023D_FPGA\Design\Code\MEASURE\measure.v:]
WARNING: [filemgmt 56-199] Attempt to get parsing info during refresh. "On-the-fly" syntax checking information may be incorrect. [D:\xlinx\11PSK–°Œ Ã‚\2023D_FPGA\Design\Code\MEASURE\measure.v:]
WARNING: [filemgmt 56-199] Attempt to get parsing info during refresh. "On-the-fly" syntax checking information may be incorrect. [D:\xlinx\11PSK–°Œ Ã‚\2023D_FPGA\Design\Code\MEASURE\measure.v:]
ERROR: [Common 17-180] Spawn failed: Illegal byte sequence
WARNING: [filemgmt 56-199] Attempt to get parsing info during refresh. "On-the-fly" syntax checking information may be incorrect. [D:\xlinx\11PSK–°Œ Ã‚\2023D_FPGA\Design\Code\top.v:]
WARNING: [filemgmt 56-199] Attempt to get parsing info during refresh. "On-the-fly" syntax checking information may be incorrect. [D:\xlinx\11PSK–°Œ Ã‚\2023D_FPGA\Design\Code\MEASURE\ma_measure.v:]
WARNING: [filemgmt 56-199] Attempt to get parsing info during refresh. "On-the-fly" syntax checking information may be incorrect. [D:\xlinx\11PSK–°Œ Ã‚\2023D_FPGA\Design\Code\ADDA\ad_da_test.v:]
WARNING: [filemgmt 56-199] Attempt to get parsing info during refresh. "On-the-fly" syntax checking information may be incorrect. [D:\xlinx\11PSK–°Œ Ã‚\2023D_FPGA\Design\Code\MEASURE\measure.v:]
WARNING: [filemgmt 56-199] Attempt to get parsing info during refresh. "On-the-fly" syntax checking information may be incorrect. [D:\xlinx\11PSK–°Œ Ã‚\2023D_FPGA\Design\Code\ADDA\ad_da_test.v:]
WARNING: [filemgmt 56-199] Attempt to get parsing info during refresh. "On-the-fly" syntax checking information may be incorrect. [D:\xlinx\11PSK–°Œ Ã‚\2023D_FPGA\Design\Code\ADDA\ad_da_test.v:]
ERROR: [Common 17-180] Spawn failed: Illegal byte sequence
WARNING: [filemgmt 56-199] Attempt to get parsing info during refresh. "On-the-fly" syntax checking information may be incorrect. [D:\xlinx\11PSK–°Œ Ã‚\2023D_FPGA\Design\Code\top.v:]
WARNING: [filemgmt 56-199] Attempt to get parsing info during refresh. "On-the-fly" syntax checking information may be incorrect. [D:\xlinx\11PSK–°Œ Ã‚\2023D_FPGA\Design\Code\MEASURE\ma_measure.v:]
WARNING: [filemgmt 56-199] Attempt to get parsing info during refresh. "On-the-fly" syntax checking information may be incorrect. [D:\xlinx\11PSK–°Œ Ã‚\2023D_FPGA\Design\Code\ADDA\ad_da_test.v:]
WARNING: [filemgmt 56-199] Attempt to get parsing info during refresh. "On-the-fly" syntax checking information may be incorrect. [D:\xlinx\11PSK–°Œ Ã‚\2023D_FPGA\Design\Code\MEASURE\measure.v:]
WARNING: [filemgmt 56-199] Attempt to get parsing info during refresh. "On-the-fly" syntax checking information may be incorrect. [D:\xlinx\11PSK–°Œ Ã‚\2023D_FPGA\Design\Code\top.v:]
WARNING: [filemgmt 56-199] Attempt to get parsing info during refresh. "On-the-fly" syntax checking information may be incorrect. [D:\xlinx\11PSK–°Œ Ã‚\2023D_FPGA\Design\Code\top.v:]
WARNING: [filemgmt 56-199] Attempt to get parsing info during refresh. "On-the-fly" syntax checking information may be incorrect. [D:\xlinx\11PSK–°Œ Ã‚\2023D_FPGA\Design\Code\top.v:]
WARNING: [filemgmt 56-199] Attempt to get parsing info during refresh. "On-the-fly" syntax checking information may be incorrect. [D:\xlinx\11PSK–°Œ Ã‚\2023D_FPGA\Design\Code\MEASURE\ma_measure.v:]
WARNING: [filemgmt 56-199] Attempt to get parsing info during refresh. "On-the-fly" syntax checking information may be incorrect. [D:\xlinx\11PSK–°Œ Ã‚\2023D_FPGA\Design\Code\ADDA\ad_da_test.v:]
WARNING: [filemgmt 56-199] Attempt to get parsing info during refresh. "On-the-fly" syntax checking information may be incorrect. [D:\xlinx\11PSK–°Œ Ã‚\2023D_FPGA\Design\Code\MEASURE\measure.v:]
WARNING: [filemgmt 56-199] Attempt to get parsing info during refresh. "On-the-fly" syntax checking information may be incorrect. [D:\xlinx\11PSK–°Œ Ã‚\2023D_FPGA\Design\Code\MEASURE\ma_measure.v:]
WARNING: [filemgmt 56-199] Attempt to get parsing info during refresh. "On-the-fly" syntax checking information may be incorrect. [D:\xlinx\11PSK–°Œ Ã‚\2023D_FPGA\Design\Code\MEASURE\ma_measure.v:]
WARNING: [filemgmt 56-199] Attempt to get parsing info during refresh. "On-the-fly" syntax checking information may be incorrect. [D:\xlinx\11PSK–°Œ Ã‚\2023D_FPGA\Design\Code\top.v:]
WARNING: [filemgmt 56-199] Attempt to get parsing info during refresh. "On-the-fly" syntax checking information may be incorrect. [D:\xlinx\11PSK–°Œ Ã‚\2023D_FPGA\Design\Code\MEASURE\ma_measure.v:]
WARNING: [filemgmt 56-199] Attempt to get parsing info during refresh. "On-the-fly" syntax checking information may be incorrect. [D:\xlinx\11PSK–°Œ Ã‚\2023D_FPGA\Design\Code\ADDA\ad_da_test.v:]
WARNING: [filemgmt 56-199] Attempt to get parsing info during refresh. "On-the-fly" syntax checking information may be incorrect. [D:\xlinx\11PSK–°Œ Ã‚\2023D_FPGA\Design\Code\MEASURE\measure.v:]
WARNING: [filemgmt 56-199] Attempt to get parsing info during refresh. "On-the-fly" syntax checking information may be incorrect. [D:\xlinx\11PSK–°Œ Ã‚\2023D_FPGA\Design\Code\ADDA\ad_da_test.v:]
WARNING: [filemgmt 56-199] Attempt to get parsing info during refresh. "On-the-fly" syntax checking information may be incorrect. [D:\xlinx\11PSK–°Œ Ã‚\2023D_FPGA\Design\Code\ADDA\ad_da_test.v:]
WARNING: [filemgmt 56-199] Attempt to get parsing info during refresh. "On-the-fly" syntax checking information may be incorrect. [D:\xlinx\11PSK–°Œ Ã‚\2023D_FPGA\Design\Code\top.v:]
WARNING: [filemgmt 56-199] Attempt to get parsing info during refresh. "On-the-fly" syntax checking information may be incorrect. [D:\xlinx\11PSK–°Œ Ã‚\2023D_FPGA\Design\Code\MEASURE\ma_measure.v:]
WARNING: [filemgmt 56-199] Attempt to get parsing info during refresh. "On-the-fly" syntax checking information may be incorrect. [D:\xlinx\11PSK–°Œ Ã‚\2023D_FPGA\Design\Code\ADDA\ad_da_test.v:]
WARNING: [filemgmt 56-199] Attempt to get parsing info during refresh. "On-the-fly" syntax checking information may be incorrect. [D:\xlinx\11PSK–°Œ Ã‚\2023D_FPGA\Design\Code\MEASURE\measure.v:]
WARNING: [filemgmt 56-199] Attempt to get parsing info during refresh. "On-the-fly" syntax checking information may be incorrect. [D:\xlinx\11PSK–°Œ Ã‚\2023D_FPGA\Design\Code\MEASURE\ma_measure.v:]
WARNING: [filemgmt 56-199] Attempt to get parsing info during refresh. "On-the-fly" syntax checking information may be incorrect. [D:\xlinx\11PSK–°Œ Ã‚\2023D_FPGA\Design\Code\MEASURE\ma_measure.v:]
WARNING: [filemgmt 56-199] Attempt to get parsing info during refresh. "On-the-fly" syntax checking information may be incorrect. [D:\xlinx\11PSK–°Œ Ã‚\2023D_FPGA\Design\Code\top.v:]
WARNING: [filemgmt 56-199] Attempt to get parsing info during refresh. "On-the-fly" syntax checking information may be incorrect. [D:\xlinx\11PSK–°Œ Ã‚\2023D_FPGA\Design\Code\MEASURE\ma_measure.v:]
WARNING: [filemgmt 56-199] Attempt to get parsing info during refresh. "On-the-fly" syntax checking information may be incorrect. [D:\xlinx\11PSK–°Œ Ã‚\2023D_FPGA\Design\Code\ADDA\ad_da_test.v:]
WARNING: [filemgmt 56-199] Attempt to get parsing info during refresh. "On-the-fly" syntax checking information may be incorrect. [D:\xlinx\11PSK–°Œ Ã‚\2023D_FPGA\Design\Code\MEASURE\measure.v:]
WARNING: [filemgmt 56-199] Attempt to get parsing info during refresh. "On-the-fly" syntax checking information may be incorrect. [D:\xlinx\11PSK–°Œ Ã‚\2023D_FPGA\Design\Code\top.v:]
WARNING: [filemgmt 56-199] Attempt to get parsing info during refresh. "On-the-fly" syntax checking information may be incorrect. [D:\xlinx\11PSK–°Œ Ã‚\2023D_FPGA\Design\Code\top.v:]
WARNING: [filemgmt 56-199] Attempt to get parsing info during refresh. "On-the-fly" syntax checking information may be incorrect. [D:\xlinx\11PSK–°Œ Ã‚\2023D_FPGA\Design\Code\top.v:]
WARNING: [filemgmt 56-199] Attempt to get parsing info during refresh. "On-the-fly" syntax checking information may be incorrect. [D:\xlinx\11PSK–°Œ Ã‚\2023D_FPGA\Design\Code\MEASURE\ma_measure.v:]
WARNING: [filemgmt 56-199] Attempt to get parsing info during refresh. "On-the-fly" syntax checking information may be incorrect. [D:\xlinx\11PSK–°Œ Ã‚\2023D_FPGA\Design\Code\ADDA\ad_da_test.v:]
WARNING: [filemgmt 56-199] Attempt to get parsing info during refresh. "On-the-fly" syntax checking information may be incorrect. [D:\xlinx\11PSK–°Œ Ã‚\2023D_FPGA\Design\Code\MEASURE\measure.v:]
WARNING: [filemgmt 56-199] Attempt to get parsing info during refresh. "On-the-fly" syntax checking information may be incorrect. [D:\xlinx\11PSK–°Œ Ã‚\2023D_FPGA\Design\Code\ADDA\ad_da_test.v:]
WARNING: [filemgmt 56-199] Attempt to get parsing info during refresh. "On-the-fly" syntax checking information may be incorrect. [D:\xlinx\11PSK–°Œ Ã‚\2023D_FPGA\Design\Code\ADDA\ad_da_test.v:]
WARNING: [filemgmt 56-199] Attempt to get parsing info during refresh. "On-the-fly" syntax checking information may be incorrect. [D:\xlinx\11PSK–°Œ Ã‚\2023D_FPGA\Design\Code\top.v:]
WARNING: [filemgmt 56-199] Attempt to get parsing info during refresh. "On-the-fly" syntax checking information may be incorrect. [D:\xlinx\11PSK–°Œ Ã‚\2023D_FPGA\Design\Code\MEASURE\ma_measure.v:]
WARNING: [filemgmt 56-199] Attempt to get parsing info during refresh. "On-the-fly" syntax checking information may be incorrect. [D:\xlinx\11PSK–°Œ Ã‚\2023D_FPGA\Design\Code\ADDA\ad_da_test.v:]
WARNING: [filemgmt 56-199] Attempt to get parsing info during refresh. "On-the-fly" syntax checking information may be incorrect. [D:\xlinx\11PSK–°Œ Ã‚\2023D_FPGA\Design\Code\MEASURE\measure.v:]
WARNING: [filemgmt 56-199] Attempt to get parsing info during refresh. "On-the-fly" syntax checking information may be incorrect. [D:\xlinx\11PSK–°Œ Ã‚\2023D_FPGA\Design\Code\top.v:]
WARNING: [filemgmt 56-199] Attempt to get parsing info during refresh. "On-the-fly" syntax checking information may be incorrect. [D:\xlinx\11PSK–°Œ Ã‚\2023D_FPGA\Design\Code\top.v:]
WARNING: [filemgmt 56-199] Attempt to get parsing info during refresh. "On-the-fly" syntax checking information may be incorrect. [D:\xlinx\11PSK–°Œ Ã‚\2023D_FPGA\Design\Code\top.v:]
WARNING: [filemgmt 56-199] Attempt to get parsing info during refresh. "On-the-fly" syntax checking information may be incorrect. [D:\xlinx\11PSK–°Œ Ã‚\2023D_FPGA\Design\Code\MEASURE\ma_measure.v:]
WARNING: [filemgmt 56-199] Attempt to get parsing info during refresh. "On-the-fly" syntax checking information may be incorrect. [D:\xlinx\11PSK–°Œ Ã‚\2023D_FPGA\Design\Code\ADDA\ad_da_test.v:]
WARNING: [filemgmt 56-199] Attempt to get parsing info during refresh. "On-the-fly" syntax checking information may be incorrect. [D:\xlinx\11PSK–°Œ Ã‚\2023D_FPGA\Design\Code\MEASURE\measure.v:]
WARNING: [filemgmt 56-199] Attempt to get parsing info during refresh. "On-the-fly" syntax checking information may be incorrect. [D:\xlinx\11PSK–°Œ Ã‚\2023D_FPGA\Design\Code\MEASURE\measure.v:]
WARNING: [filemgmt 56-199] Attempt to get parsing info during refresh. "On-the-fly" syntax checking information may be incorrect. [D:\xlinx\11PSK–°Œ Ã‚\2023D_FPGA\Design\Code\MEASURE\measure.v:]
ERROR: [Common 17-180] Spawn failed: Illegal byte sequence
WARNING: [filemgmt 56-199] Attempt to get parsing info during refresh. "On-the-fly" syntax checking information may be incorrect. [D:\xlinx\11PSK–°Œ Ã‚\2023D_FPGA\Design\Code\top.v:]
WARNING: [filemgmt 56-199] Attempt to get parsing info during refresh. "On-the-fly" syntax checking information may be incorrect. [D:\xlinx\11PSK–°Œ Ã‚\2023D_FPGA\Design\Code\MEASURE\ma_measure.v:]
WARNING: [filemgmt 56-199] Attempt to get parsing info during refresh. "On-the-fly" syntax checking information may be incorrect. [D:\xlinx\11PSK–°Œ Ã‚\2023D_FPGA\Design\Code\ADDA\ad_da_test.v:]
WARNING: [filemgmt 56-199] Attempt to get parsing info during refresh. "On-the-fly" syntax checking information may be incorrect. [D:\xlinx\11PSK–°Œ Ã‚\2023D_FPGA\Design\Code\MEASURE\measure.v:]
WARNING: [filemgmt 56-199] Attempt to get parsing info during refresh. "On-the-fly" syntax checking information may be incorrect. [D:\xlinx\11PSK–°Œ Ã‚\2023D_FPGA\Design\Code\ADDA\ad_da_test.v:]
WARNING: [filemgmt 56-199] Attempt to get parsing info during refresh. "On-the-fly" syntax checking information may be incorrect. [D:\xlinx\11PSK–°Œ Ã‚\2023D_FPGA\Design\Code\ADDA\ad_da_test.v:]
ERROR: [Common 17-180] Spawn failed: Illegal byte sequence
close [ open D:/xlinx/11PSK–°Œ Ã‚/2023D_FPGA/2023D_FPGA.srcs/sources_1/new/mf_measure.v w ]
add_files D:/xlinx/11PSK–°Œ Ã‚/2023D_FPGA/2023D_FPGA.srcs/sources_1/new/mf_measure.v
WARNING: [filemgmt 56-199] Attempt to get parsing info during refresh. "On-the-fly" syntax checking information may be incorrect. [D:\xlinx\11PSK–°Œ Ã‚\2023D_FPGA\Design\Code\top.v:]
WARNING: [filemgmt 56-199] Attempt to get parsing info during refresh. "On-the-fly" syntax checking information may be incorrect. [D:\xlinx\11PSK–°Œ Ã‚\2023D_FPGA\Design\Code\MEASURE\ma_measure.v:]
WARNING: [filemgmt 56-199] Attempt to get parsing info during refresh. "On-the-fly" syntax checking information may be incorrect. [D:\xlinx\11PSK–°Œ Ã‚\2023D_FPGA\Design\Code\ADDA\ad_da_test.v:]
WARNING: [filemgmt 56-199] Attempt to get parsing info during refresh. "On-the-fly" syntax checking information may be incorrect. [D:\xlinx\11PSK–°Œ Ã‚\2023D_FPGA\Design\Code\MEASURE\measure.v:]
WARNING: [filemgmt 56-199] Attempt to get parsing info during refresh. "On-the-fly" syntax checking information may be incorrect. [D:\xlinx\11PSK–°Œ Ã‚\2023D_FPGA\Design\Code\top.v:]
WARNING: [filemgmt 56-199] Attempt to get parsing info during refresh. "On-the-fly" syntax checking information may be incorrect. [D:\xlinx\11PSK–°Œ Ã‚\2023D_FPGA\Design\Code\top.v:]
WARNING: [filemgmt 56-199] Attempt to get parsing info during refresh. "On-the-fly" syntax checking information may be incorrect. [D:\xlinx\11PSK–°Œ Ã‚\2023D_FPGA\Design\Code\top.v:]
WARNING: [filemgmt 56-199] Attempt to get parsing info during refresh. "On-the-fly" syntax checking information may be incorrect. [D:\xlinx\11PSK–°Œ Ã‚\2023D_FPGA\Design\Code\MEASURE\ma_measure.v:]
WARNING: [filemgmt 56-199] Attempt to get parsing info during refresh. "On-the-fly" syntax checking information may be incorrect. [D:\xlinx\11PSK–°Œ Ã‚\2023D_FPGA\Design\Code\ADDA\ad_da_test.v:]
WARNING: [filemgmt 56-199] Attempt to get parsing info during refresh. "On-the-fly" syntax checking information may be incorrect. [D:\xlinx\11PSK–°Œ Ã‚\2023D_FPGA\Design\Code\MEASURE\measure.v:]
WARNING: [filemgmt 56-199] Attempt to get parsing info during refresh. "On-the-fly" syntax checking information may be incorrect. [D:\xlinx\11PSK–°Œ Ã‚\2023D_FPGA\Design\Code\MEASURE\measure.v:]
WARNING: [filemgmt 56-199] Attempt to get parsing info during refresh. "On-the-fly" syntax checking information may be incorrect. [D:\xlinx\11PSK–°Œ Ã‚\2023D_FPGA\Design\Code\MEASURE\measure.v:]
ERROR: [Common 17-180] Spawn failed: Illegal byte sequence
WARNING: [filemgmt 56-199] Attempt to get parsing info during refresh. "On-the-fly" syntax checking information may be incorrect. [D:\xlinx\11PSK–°Œ Ã‚\2023D_FPGA\Design\Code\top.v:]
WARNING: [filemgmt 56-199] Attempt to get parsing info during refresh. "On-the-fly" syntax checking information may be incorrect. [D:\xlinx\11PSK–°Œ Ã‚\2023D_FPGA\Design\Code\MEASURE\ma_measure.v:]
WARNING: [filemgmt 56-199] Attempt to get parsing info during refresh. "On-the-fly" syntax checking information may be incorrect. [D:\xlinx\11PSK–°Œ Ã‚\2023D_FPGA\Design\Code\ADDA\ad_da_test.v:]
WARNING: [filemgmt 56-199] Attempt to get parsing info during refresh. "On-the-fly" syntax checking information may be incorrect. [D:\xlinx\11PSK–°Œ Ã‚\2023D_FPGA\Design\Code\MEASURE\measure.v:]
WARNING: [filemgmt 56-199] Attempt to get parsing info during refresh. "On-the-fly" syntax checking information may be incorrect. [D:\xlinx\11PSK–°Œ Ã‚\2023D_FPGA\Design\Code\ADDA\ad_da_test.v:]
WARNING: [filemgmt 56-199] Attempt to get parsing info during refresh. "On-the-fly" syntax checking information may be incorrect. [D:\xlinx\11PSK–°Œ Ã‚\2023D_FPGA\Design\Code\ADDA\ad_da_test.v:]
ERROR: [Common 17-180] Spawn failed: Illegal byte sequence
WARNING: [filemgmt 56-199] Attempt to get parsing info during refresh. "On-the-fly" syntax checking information may be incorrect. [D:\xlinx\11PSK–°Œ Ã‚\2023D_FPGA\Design\Code\top.v:]
WARNING: [filemgmt 56-199] Attempt to get parsing info during refresh. "On-the-fly" syntax checking information may be incorrect. [D:\xlinx\11PSK–°Œ Ã‚\2023D_FPGA\Design\Code\MEASURE\ma_measure.v:]
WARNING: [filemgmt 56-199] Attempt to get parsing info during refresh. "On-the-fly" syntax checking information may be incorrect. [D:\xlinx\11PSK–°Œ Ã‚\2023D_FPGA\Design\Code\ADDA\ad_da_test.v:]
WARNING: [filemgmt 56-199] Attempt to get parsing info during refresh. "On-the-fly" syntax checking information may be incorrect. [D:\xlinx\11PSK–°Œ Ã‚\2023D_FPGA\Design\Code\MEASURE\measure.v:]
WARNING: [filemgmt 56-199] Attempt to get parsing info during refresh. "On-the-fly" syntax checking information may be incorrect. [D:\xlinx\11PSK–°Œ Ã‚\2023D_FPGA\Design\Code\top.v:]
WARNING: [filemgmt 56-199] Attempt to get parsing info during refresh. "On-the-fly" syntax checking information may be incorrect. [D:\xlinx\11PSK–°Œ Ã‚\2023D_FPGA\Design\Code\top.v:]
WARNING: [filemgmt 56-199] Attempt to get parsing info during refresh. "On-the-fly" syntax checking information may be incorrect. [D:\xlinx\11PSK–°Œ Ã‚\2023D_FPGA\Design\Code\top.v:]
WARNING: [filemgmt 56-199] Attempt to get parsing info during refresh. "On-the-fly" syntax checking information may be incorrect. [D:\xlinx\11PSK–°Œ Ã‚\2023D_FPGA\Design\Code\MEASURE\ma_measure.v:]
WARNING: [filemgmt 56-199] Attempt to get parsing info during refresh. "On-the-fly" syntax checking information may be incorrect. [D:\xlinx\11PSK–°Œ Ã‚\2023D_FPGA\Design\Code\ADDA\ad_da_test.v:]
WARNING: [filemgmt 56-199] Attempt to get parsing info during refresh. "On-the-fly" syntax checking information may be incorrect. [D:\xlinx\11PSK–°Œ Ã‚\2023D_FPGA\Design\Code\MEASURE\measure.v:]
WARNING: [filemgmt 56-199] Attempt to get parsing info during refresh. "On-the-fly" syntax checking information may be incorrect. [D:\xlinx\11PSK–°Œ Ã‚\2023D_FPGA\Design\Code\MEASURE\ma_measure.v:]
WARNING: [filemgmt 56-199] Attempt to get parsing info during refresh. "On-the-fly" syntax checking information may be incorrect. [D:\xlinx\11PSK–°Œ Ã‚\2023D_FPGA\Design\Code\MEASURE\ma_measure.v:]
WARNING: [filemgmt 56-199] Attempt to get parsing info during refresh. "On-the-fly" syntax checking information may be incorrect. [D:\xlinx\11PSK–°Œ Ã‚\2023D_FPGA\Design\Code\top.v:]
WARNING: [filemgmt 56-199] Attempt to get parsing info during refresh. "On-the-fly" syntax checking information may be incorrect. [D:\xlinx\11PSK–°Œ Ã‚\2023D_FPGA\Design\Code\MEASURE\ma_measure.v:]
WARNING: [filemgmt 56-199] Attempt to get parsing info during refresh. "On-the-fly" syntax checking information may be incorrect. [D:\xlinx\11PSK–°Œ Ã‚\2023D_FPGA\Design\Code\ADDA\ad_da_test.v:]
WARNING: [filemgmt 56-199] Attempt to get parsing info during refresh. "On-the-fly" syntax checking information may be incorrect. [D:\xlinx\11PSK–°Œ Ã‚\2023D_FPGA\Design\Code\MEASURE\measure.v:]
WARNING: [filemgmt 56-199] Attempt to get parsing info during refresh. "On-the-fly" syntax checking information may be incorrect. [D:\xlinx\11PSK–°Œ Ã‚\2023D_FPGA\Design\Code\ADDA\ad_da_test.v:]
WARNING: [filemgmt 56-199] Attempt to get parsing info during refresh. "On-the-fly" syntax checking information may be incorrect. [D:\xlinx\11PSK–°Œ Ã‚\2023D_FPGA\Design\Code\ADDA\ad_da_test.v:]
WARNING: [filemgmt 56-199] Attempt to get parsing info during refresh. "On-the-fly" syntax checking information may be incorrect. [D:\xlinx\11PSK–°Œ Ã‚\2023D_FPGA\Design\Code\top.v:]
WARNING: [filemgmt 56-199] Attempt to get parsing info during refresh. "On-the-fly" syntax checking information may be incorrect. [D:\xlinx\11PSK–°Œ Ã‚\2023D_FPGA\2023D_FPGA.srcs\sources_1\new\mf_measure.v:]
WARNING: [filemgmt 56-199] Attempt to get parsing info during refresh. "On-the-fly" syntax checking information may be incorrect. [D:\xlinx\11PSK–°Œ Ã‚\2023D_FPGA\Design\Code\MEASURE\ma_measure.v:]
WARNING: [filemgmt 56-199] Attempt to get parsing info during refresh. "On-the-fly" syntax checking information may be incorrect. [D:\xlinx\11PSK–°Œ Ã‚\2023D_FPGA\Design\Code\ADDA\ad_da_test.v:]
WARNING: [filemgmt 56-199] Attempt to get parsing info during refresh. "On-the-fly" syntax checking information may be incorrect. [D:\xlinx\11PSK–°Œ Ã‚\2023D_FPGA\Design\Code\MEASURE\measure.v:]
WARNING: [filemgmt 56-199] Attempt to get parsing info during refresh. "On-the-fly" syntax checking information may be incorrect. [D:\xlinx\11PSK–°Œ Ã‚\2023D_FPGA\Design\Code\ADDA\ad_da_test.v:]
WARNING: [filemgmt 56-199] Attempt to get parsing info during refresh. "On-the-fly" syntax checking information may be incorrect. [D:\xlinx\11PSK–°Œ Ã‚\2023D_FPGA\Design\Code\ADDA\ad_da_test.v:]
WARNING: [filemgmt 56-199] Attempt to get parsing info during refresh. "On-the-fly" syntax checking information may be incorrect. [D:\xlinx\11PSK–°Œ Ã‚\2023D_FPGA\Design\Code\top.v:]
WARNING: [filemgmt 56-199] Attempt to get parsing info during refresh. "On-the-fly" syntax checking information may be incorrect. [D:\xlinx\11PSK–°Œ Ã‚\2023D_FPGA\2023D_FPGA.srcs\sources_1\new\mf_measure.v:]
WARNING: [filemgmt 56-199] Attempt to get parsing info during refresh. "On-the-fly" syntax checking information may be incorrect. [D:\xlinx\11PSK–°Œ Ã‚\2023D_FPGA\Design\Code\MEASURE\ma_measure.v:]
WARNING: [filemgmt 56-199] Attempt to get parsing info during refresh. "On-the-fly" syntax checking information may be incorrect. [D:\xlinx\11PSK–°Œ Ã‚\2023D_FPGA\Design\Code\ADDA\ad_da_test.v:]
WARNING: [filemgmt 56-199] Attempt to get parsing info during refresh. "On-the-fly" syntax checking information may be incorrect. [D:\xlinx\11PSK–°Œ Ã‚\2023D_FPGA\Design\Code\MEASURE\measure.v:]
WARNING: [filemgmt 56-199] Attempt to get parsing info during refresh. "On-the-fly" syntax checking information may be incorrect. [D:\xlinx\11PSK–°Œ Ã‚\2023D_FPGA\Design\Code\MEASURE\ma_measure.v:]
WARNING: [filemgmt 56-199] Attempt to get parsing info during refresh. "On-the-fly" syntax checking information may be incorrect. [D:\xlinx\11PSK–°Œ Ã‚\2023D_FPGA\Design\Code\MEASURE\ma_measure.v:]
WARNING: [filemgmt 56-199] Attempt to get parsing info during refresh. "On-the-fly" syntax checking information may be incorrect. [D:\xlinx\11PSK–°Œ Ã‚\2023D_FPGA\Design\Code\top.v:]
WARNING: [filemgmt 56-199] Attempt to get parsing info during refresh. "On-the-fly" syntax checking information may be incorrect. [D:\xlinx\11PSK–°Œ Ã‚\2023D_FPGA\2023D_FPGA.srcs\sources_1\new\mf_measure.v:]
WARNING: [filemgmt 56-199] Attempt to get parsing info during refresh. "On-the-fly" syntax checking information may be incorrect. [D:\xlinx\11PSK–°Œ Ã‚\2023D_FPGA\Design\Code\MEASURE\ma_measure.v:]
WARNING: [filemgmt 56-199] Attempt to get parsing info during refresh. "On-the-fly" syntax checking information may be incorrect. [D:\xlinx\11PSK–°Œ Ã‚\2023D_FPGA\Design\Code\ADDA\ad_da_test.v:]
WARNING: [filemgmt 56-199] Attempt to get parsing info during refresh. "On-the-fly" syntax checking information may be incorrect. [D:\xlinx\11PSK–°Œ Ã‚\2023D_FPGA\Design\Code\MEASURE\measure.v:]
WARNING: [filemgmt 56-199] Attempt to get parsing info during refresh. "On-the-fly" syntax checking information may be incorrect. [D:\xlinx\11PSK–°Œ Ã‚\2023D_FPGA\2023D_FPGA.srcs\sources_1\new\mf_measure.v:]
WARNING: [filemgmt 56-199] Attempt to get parsing info during refresh. "On-the-fly" syntax checking information may be incorrect. [D:\xlinx\11PSK–°Œ Ã‚\2023D_FPGA\2023D_FPGA.srcs\sources_1\new\mf_measure.v:]
ERROR: [Common 17-180] Spawn failed: Illegal byte sequence
WARNING: [filemgmt 56-199] Attempt to get parsing info during refresh. "On-the-fly" syntax checking information may be incorrect. [D:\xlinx\11PSK–°Œ Ã‚\2023D_FPGA\Design\Code\top.v:]
WARNING: [filemgmt 56-199] Attempt to get parsing info during refresh. "On-the-fly" syntax checking information may be incorrect. [D:\xlinx\11PSK–°Œ Ã‚\2023D_FPGA\2023D_FPGA.srcs\sources_1\new\mf_measure.v:]
WARNING: [filemgmt 56-199] Attempt to get parsing info during refresh. "On-the-fly" syntax checking information may be incorrect. [D:\xlinx\11PSK–°Œ Ã‚\2023D_FPGA\Design\Code\MEASURE\ma_measure.v:]
WARNING: [filemgmt 56-199] Attempt to get parsing info during refresh. "On-the-fly" syntax checking information may be incorrect. [D:\xlinx\11PSK–°Œ Ã‚\2023D_FPGA\Design\Code\ADDA\ad_da_test.v:]
WARNING: [filemgmt 56-199] Attempt to get parsing info during refresh. "On-the-fly" syntax checking information may be incorrect. [D:\xlinx\11PSK–°Œ Ã‚\2023D_FPGA\Design\Code\MEASURE\measure.v:]
WARNING: [filemgmt 56-199] Attempt to get parsing info during refresh. "On-the-fly" syntax checking information may be incorrect. [D:\xlinx\11PSK–°Œ Ã‚\2023D_FPGA\Design\Code\top.v:]
WARNING: [filemgmt 56-199] Attempt to get parsing info during refresh. "On-the-fly" syntax checking information may be incorrect. [D:\xlinx\11PSK–°Œ Ã‚\2023D_FPGA\Design\Code\top.v:]
ERROR: [Common 17-180] Spawn failed: Illegal byte sequence
WARNING: [filemgmt 56-199] Attempt to get parsing info during refresh. "On-the-fly" syntax checking information may be incorrect. [D:\xlinx\11PSK–°Œ Ã‚\2023D_FPGA\Design\Code\top.v:]
WARNING: [filemgmt 56-199] Attempt to get parsing info during refresh. "On-the-fly" syntax checking information may be incorrect. [D:\xlinx\11PSK–°Œ Ã‚\2023D_FPGA\2023D_FPGA.srcs\sources_1\new\mf_measure.v:]
WARNING: [filemgmt 56-199] Attempt to get parsing info during refresh. "On-the-fly" syntax checking information may be incorrect. [D:\xlinx\11PSK–°Œ Ã‚\2023D_FPGA\Design\Code\MEASURE\ma_measure.v:]
WARNING: [filemgmt 56-199] Attempt to get parsing info during refresh. "On-the-fly" syntax checking information may be incorrect. [D:\xlinx\11PSK–°Œ Ã‚\2023D_FPGA\Design\Code\ADDA\ad_da_test.v:]
WARNING: [filemgmt 56-199] Attempt to get parsing info during refresh. "On-the-fly" syntax checking information may be incorrect. [D:\xlinx\11PSK–°Œ Ã‚\2023D_FPGA\Design\Code\MEASURE\measure.v:]
WARNING: [filemgmt 56-199] Attempt to get parsing info during refresh. "On-the-fly" syntax checking information may be incorrect. [D:\xlinx\11PSK–°Œ Ã‚\2023D_FPGA\Design\Code\top.v:]
WARNING: [filemgmt 56-199] Attempt to get parsing info during refresh. "On-the-fly" syntax checking information may be incorrect. [D:\xlinx\11PSK–°Œ Ã‚\2023D_FPGA\Design\Code\top.v:]
WARNING: [filemgmt 56-199] Attempt to get parsing info during refresh. "On-the-fly" syntax checking information may be incorrect. [D:\xlinx\11PSK–°Œ Ã‚\2023D_FPGA\Design\Code\top.v:]
WARNING: [filemgmt 56-199] Attempt to get parsing info during refresh. "On-the-fly" syntax checking information may be incorrect. [D:\xlinx\11PSK–°Œ Ã‚\2023D_FPGA\2023D_FPGA.srcs\sources_1\new\mf_measure.v:]
WARNING: [filemgmt 56-199] Attempt to get parsing info during refresh. "On-the-fly" syntax checking information may be incorrect. [D:\xlinx\11PSK–°Œ Ã‚\2023D_FPGA\Design\Code\MEASURE\ma_measure.v:]
WARNING: [filemgmt 56-199] Attempt to get parsing info during refresh. "On-the-fly" syntax checking information may be incorrect. [D:\xlinx\11PSK–°Œ Ã‚\2023D_FPGA\Design\Code\ADDA\ad_da_test.v:]
WARNING: [filemgmt 56-199] Attempt to get parsing info during refresh. "On-the-fly" syntax checking information may be incorrect. [D:\xlinx\11PSK–°Œ Ã‚\2023D_FPGA\Design\Code\MEASURE\measure.v:]
WARNING: [filemgmt 56-199] Attempt to get parsing info during refresh. "On-the-fly" syntax checking information may be incorrect. [D:\xlinx\11PSK–°Œ Ã‚\2023D_FPGA\Design\Code\MEASURE\measure.v:]
WARNING: [filemgmt 56-199] Attempt to get parsing info during refresh. "On-the-fly" syntax checking information may be incorrect. [D:\xlinx\11PSK–°Œ Ã‚\2023D_FPGA\Design\Code\MEASURE\measure.v:]
WARNING: [filemgmt 56-199] Attempt to get parsing info during refresh. "On-the-fly" syntax checking information may be incorrect. [D:\xlinx\11PSK–°Œ Ã‚\2023D_FPGA\Design\Code\top.v:]
WARNING: [filemgmt 56-199] Attempt to get parsing info during refresh. "On-the-fly" syntax checking information may be incorrect. [D:\xlinx\11PSK–°Œ Ã‚\2023D_FPGA\2023D_FPGA.srcs\sources_1\new\mf_measure.v:]
WARNING: [filemgmt 56-199] Attempt to get parsing info during refresh. "On-the-fly" syntax checking information may be incorrect. [D:\xlinx\11PSK–°Œ Ã‚\2023D_FPGA\Design\Code\MEASURE\ma_measure.v:]
WARNING: [filemgmt 56-199] Attempt to get parsing info during refresh. "On-the-fly" syntax checking information may be incorrect. [D:\xlinx\11PSK–°Œ Ã‚\2023D_FPGA\Design\Code\ADDA\ad_da_test.v:]
WARNING: [filemgmt 56-199] Attempt to get parsing info during refresh. "On-the-fly" syntax checking information may be incorrect. [D:\xlinx\11PSK–°Œ Ã‚\2023D_FPGA\Design\Code\MEASURE\measure.v:]
WARNING: [filemgmt 56-199] Attempt to get parsing info during refresh. "On-the-fly" syntax checking information may be incorrect. [D:\xlinx\11PSK–°Œ Ã‚\2023D_FPGA\2023D_FPGA.srcs\sources_1\new\mf_measure.v:]
WARNING: [filemgmt 56-199] Attempt to get parsing info during refresh. "On-the-fly" syntax checking information may be incorrect. [D:\xlinx\11PSK–°Œ Ã‚\2023D_FPGA\2023D_FPGA.srcs\sources_1\new\mf_measure.v:]
ERROR: [Common 17-180] Spawn failed: Illegal byte sequence
ERROR: [Common 17-180] Spawn failed: Illegal byte sequence
launch_runs impl_1 -to_step write_bitstream -jobs 8
INFO: [BD 41-1662] The design 'dds.bd' is already validated. Therefore parameter propagation will not be re-run.
CRITICAL WARNING: [BD 41-2383] Width mismatch when connecting input pin '/xlslice_0/Din'(32) to pin '/mult_gen_0/P'(33) - Only lower order bits will be connected, and other input bits of this pin will be left unconnected.
Verilog Output written to : d:/xlinx/11PSK–°Œ Ã‚/2023D_FPGA/2023D_FPGA.gen/sources_1/bd/dds/synth/dds.v
CRITICAL WARNING: [BD 41-2383] Width mismatch when connecting input pin '/xlslice_0/Din'(32) to pin '/mult_gen_0/P'(33) - Only lower order bits will be connected, and other input bits of this pin will be left unconnected.
Verilog Output written to : d:/xlinx/11PSK–°Œ Ã‚/2023D_FPGA/2023D_FPGA.gen/sources_1/bd/dds/sim/dds.v
Verilog Output written to : d:/xlinx/11PSK–°Œ Ã‚/2023D_FPGA/2023D_FPGA.gen/sources_1/bd/dds/hdl/dds_wrapper.v
INFO: [BD 41-1029] Generation completed for the IP Integrator block dds_compiler_0 .
INFO: [BD 41-1029] Generation completed for the IP Integrator block dds_compiler_1 .
INFO: [BD 41-1029] Generation completed for the IP Integrator block mult_gen_0 .
ERROR: [Ipptcl 7-5] XIT evaluation error: File not found: d:/xlinx/11PSKÂ∞èÈóÆÈ¢ò/2023D_FPGA/2023D_FPGA.gen/sources_1/bd/dds/ip/dds_xlslice_0_1/sysc/xlslice_v1_0_xlslice.txt
ERROR: [Common 17-39] 'xit::puts_ipfile' failed due to earlier errors.
CRITICAL WARNING: [IP_Flow 19-1747] Failed to deliver file 'c:/Xilinx/Vivado/2024.2/data/ip/xilinx/xlslice_v1_0/sysc/xlslice_v1_0_xlslice.ttcl': ERROR: [Common 17-39] 'xit::puts_ipfile' failed due to earlier errors.

ERROR: [IP_Flow 19-167] Failed to deliver one or more file(s).
INFO: [IP_Flow 19-3500] Reset failed 'Simulation' target for IP 'xlslice_0'.
ERROR: [IP_Flow 19-3505] IP Generation error: Failed to generate IP 'xlslice_0'. Failed to generate 'SystemC Simulation' outputs: 
ERROR: [IP_Flow 19-98] Generation of the IP CORE failed.
Failed to generate IP 'xlslice_0'. Failed to generate 'SystemC Simulation' outputs: 
ERROR: [BD 41-1030] Generation failed for the IP Integrator block xlslice_0 
INFO: [BD 41-1029] Generation completed for the IP Integrator block c_addsub_0 .
ERROR: [Ipptcl 7-5] XIT evaluation error: File not found: d:/xlinx/11PSKÂ∞èÈóÆÈ¢ò/2023D_FPGA/2023D_FPGA.gen/sources_1/bd/dds/ip/dds_xlslice_0_2/sysc/xlslice_v1_0_xlslice.txt
ERROR: [Common 17-39] 'xit::puts_ipfile' failed due to earlier errors.
CRITICAL WARNING: [IP_Flow 19-1747] Failed to deliver file 'c:/Xilinx/Vivado/2024.2/data/ip/xilinx/xlslice_v1_0/sysc/xlslice_v1_0_xlslice.ttcl': ERROR: [Common 17-39] 'xit::puts_ipfile' failed due to earlier errors.

ERROR: [IP_Flow 19-167] Failed to deliver one or more file(s).
INFO: [IP_Flow 19-3500] Reset failed 'Simulation' target for IP 'xlslice_1'.
ERROR: [IP_Flow 19-3505] IP Generation error: Failed to generate IP 'xlslice_1'. Failed to generate 'SystemC Simulation' outputs: 
ERROR: [IP_Flow 19-98] Generation of the IP CORE failed.
Failed to generate IP 'xlslice_1'. Failed to generate 'SystemC Simulation' outputs: 
ERROR: [BD 41-1030] Generation failed for the IP Integrator block xlslice_1 
Exporting to file d:/xlinx/11PSK–°Œ Ã‚/2023D_FPGA/2023D_FPGA.gen/sources_1/bd/dds/hw_handoff/dds.hwh
Generated Hardware Definition File d:/xlinx/11PSK–°Œ Ã‚/2023D_FPGA/2023D_FPGA.gen/sources_1/bd/dds/synth/dds.hwdef
INFO: [IP_Flow 19-6930] IPCACHE: runCacheChecks() number of threads = 8
INFO: [IP_Flow 19-6921] IPCACHE: Adding cache check func to thread queue for IP dds_c_addsub_0_0
INFO: [IP_Flow 19-6921] IPCACHE: Adding cache check func to thread queue for IP dds_dds_compiler_0_0
INFO: [IP_Flow 19-6921] IPCACHE: Adding cache check func to thread queue for IP dds_dds_compiler_0_1
INFO: [IP_Flow 19-6921] IPCACHE: Adding cache check func to thread queue for IP dds_mult_gen_0_0
INFO: [IP_Flow 19-8020] IPCACHE: runCacheChecks() calling threadPool finishWork()
INFO: [IP_Flow 19-6924] IPCACHE: Running cache check for IP inst: dds_c_addsub_0_0
INFO: [IP_Flow 19-6924] IPCACHE: Running cache check for IP inst: dds_dds_compiler_0_0
INFO: [IP_Flow 19-6924] IPCACHE: Running cache check for IP inst: dds_dds_compiler_0_1
INFO: [IP_Flow 19-6924] IPCACHE: Running cache check for IP inst: dds_mult_gen_0_0
INFO: [IP_Flow 19-1686] Generating 'Synthesis' target for IP 'ila_sys'...
ERROR: [Ipptcl 7-5] XIT evaluation error: File not found: d:/xlinx/11PSKÂ∞èÈóÆÈ¢ò/2023D_FPGA/2023D_FPGA.gen/ila_sys/ip/ila_sys/ila_v6_2/constraints/ila.xdc
ERROR: [Common 17-39] 'xit::puts_ipfile' failed due to earlier errors.
CRITICAL WARNING: [IP_Flow 19-1747] Failed to deliver file 'c:/Xilinx/Vivado/2024.2/data/ip/xilinx/ila_v6_2/ttcl/ila_ip_xdc.ttcl': ERROR: [Common 17-39] 'xit::puts_ipfile' failed due to earlier errors.

ERROR: [Ipptcl 7-5] XIT evaluation error: File not found: d:/xlinx/11PSKÂ∞èÈóÆÈ¢ò/2023D_FPGA/2023D_FPGA.gen/ila_sys/ip/ila_sys/ila_sys_ooc.xdc
ERROR: [Common 17-39] 'xit::puts_ipfile' failed due to earlier errors.
CRITICAL WARNING: [IP_Flow 19-1747] Failed to deliver file 'c:/Xilinx/Vivado/2024.2/data/ip/xilinx/ila_v6_2/ttcl/ooc.ttcl': ERROR: [Common 17-39] 'xit::puts_ipfile' failed due to earlier errors.

ERROR: [IP_Flow 19-167] Failed to deliver one or more file(s).
ERROR: [IP_Flow 19-3505] IP Generation error: Failed to generate IP 'ila_sys'. Failed to generate 'Synthesis' outputs: 
ERROR: [IP_Flow 19-98] Generation of the IP CORE failed.
Failed to generate IP 'ila_sys'. Failed to generate 'Synthesis' outputs: 
WARNING: [filemgmt 56-199] Attempt to get parsing info during refresh. "On-the-fly" syntax checking information may be incorrect. [D:\xlinx\11PSK–°Œ Ã‚\2023D_FPGA\Design\Code\top.v:]
WARNING: [filemgmt 56-199] Attempt to get parsing info during refresh. "On-the-fly" syntax checking information may be incorrect. [D:\xlinx\11PSK–°Œ Ã‚\2023D_FPGA\2023D_FPGA.srcs\sources_1\new\mf_measure.v:]
WARNING: [filemgmt 56-199] Attempt to get parsing info during refresh. "On-the-fly" syntax checking information may be incorrect. [D:\xlinx\11PSK–°Œ Ã‚\2023D_FPGA\Design\Code\MEASURE\ma_measure.v:]
WARNING: [filemgmt 56-199] Attempt to get parsing info during refresh. "On-the-fly" syntax checking information may be incorrect. [D:\xlinx\11PSK–°Œ Ã‚\2023D_FPGA\Design\Code\ADDA\ad_da_test.v:]
WARNING: [filemgmt 56-199] Attempt to get parsing info during refresh. "On-the-fly" syntax checking information may be incorrect. [D:\xlinx\11PSK–°Œ Ã‚\2023D_FPGA\Design\Code\MEASURE\measure.v:]
WARNING: [filemgmt 56-199] Attempt to get parsing info during refresh. "On-the-fly" syntax checking information may be incorrect. [D:\xlinx\11PSK–°Œ Ã‚\2023D_FPGA\Design\Code\MEASURE\ma_measure.v:]
WARNING: [filemgmt 56-199] Attempt to get parsing info during refresh. "On-the-fly" syntax checking information may be incorrect. [D:\xlinx\11PSK–°Œ Ã‚\2023D_FPGA\Design\Code\MEASURE\ma_measure.v:]
WARNING: [filemgmt 56-199] Attempt to get parsing info during refresh. "On-the-fly" syntax checking information may be incorrect. [D:\xlinx\11PSK–°Œ Ã‚\2023D_FPGA\Design\Code\top.v:]
WARNING: [filemgmt 56-199] Attempt to get parsing info during refresh. "On-the-fly" syntax checking information may be incorrect. [D:\xlinx\11PSK–°Œ Ã‚\2023D_FPGA\2023D_FPGA.srcs\sources_1\new\mf_measure.v:]
WARNING: [filemgmt 56-199] Attempt to get parsing info during refresh. "On-the-fly" syntax checking information may be incorrect. [D:\xlinx\11PSK–°Œ Ã‚\2023D_FPGA\Design\Code\MEASURE\ma_measure.v:]
WARNING: [filemgmt 56-199] Attempt to get parsing info during refresh. "On-the-fly" syntax checking information may be incorrect. [D:\xlinx\11PSK–°Œ Ã‚\2023D_FPGA\Design\Code\ADDA\ad_da_test.v:]
WARNING: [filemgmt 56-199] Attempt to get parsing info during refresh. "On-the-fly" syntax checking information may be incorrect. [D:\xlinx\11PSK–°Œ Ã‚\2023D_FPGA\Design\Code\MEASURE\measure.v:]
WARNING: [filemgmt 56-199] Attempt to get parsing info during refresh. "On-the-fly" syntax checking information may be incorrect. [D:\xlinx\11PSK–°Œ Ã‚\2023D_FPGA\Design\Code\top.v:]
WARNING: [filemgmt 56-199] Attempt to get parsing info during refresh. "On-the-fly" syntax checking information may be incorrect. [D:\xlinx\11PSK–°Œ Ã‚\2023D_FPGA\Design\Code\top.v:]
WARNING: [filemgmt 56-199] Attempt to get parsing info during refresh. "On-the-fly" syntax checking information may be incorrect. [D:\xlinx\11PSK–°Œ Ã‚\2023D_FPGA\Design\Code\top.v:]
WARNING: [filemgmt 56-199] Attempt to get parsing info during refresh. "On-the-fly" syntax checking information may be incorrect. [D:\xlinx\11PSK–°Œ Ã‚\2023D_FPGA\2023D_FPGA.srcs\sources_1\new\mf_measure.v:]
WARNING: [filemgmt 56-199] Attempt to get parsing info during refresh. "On-the-fly" syntax checking information may be incorrect. [D:\xlinx\11PSK–°Œ Ã‚\2023D_FPGA\Design\Code\MEASURE\ma_measure.v:]
WARNING: [filemgmt 56-199] Attempt to get parsing info during refresh. "On-the-fly" syntax checking information may be incorrect. [D:\xlinx\11PSK–°Œ Ã‚\2023D_FPGA\Design\Code\ADDA\ad_da_test.v:]
WARNING: [filemgmt 56-199] Attempt to get parsing info during refresh. "On-the-fly" syntax checking information may be incorrect. [D:\xlinx\11PSK–°Œ Ã‚\2023D_FPGA\Design\Code\MEASURE\measure.v:]
WARNING: [filemgmt 56-199] Attempt to get parsing info during refresh. "On-the-fly" syntax checking information may be incorrect. [D:\xlinx\11PSK–°Œ Ã‚\2023D_FPGA\2023D_FPGA.srcs\sources_1\new\mf_measure.v:]
WARNING: [filemgmt 56-199] Attempt to get parsing info during refresh. "On-the-fly" syntax checking information may be incorrect. [D:\xlinx\11PSK–°Œ Ã‚\2023D_FPGA\2023D_FPGA.srcs\sources_1\new\mf_measure.v:]
ERROR: [Common 17-180] Spawn failed: Illegal byte sequence
WARNING: [filemgmt 56-199] Attempt to get parsing info during refresh. "On-the-fly" syntax checking information may be incorrect. [D:\xlinx\11PSK–°Œ Ã‚\2023D_FPGA\Design\Code\top.v:]
WARNING: [filemgmt 56-199] Attempt to get parsing info during refresh. "On-the-fly" syntax checking information may be incorrect. [D:\xlinx\11PSK–°Œ Ã‚\2023D_FPGA\2023D_FPGA.srcs\sources_1\new\mf_measure.v:]
WARNING: [filemgmt 56-199] Attempt to get parsing info during refresh. "On-the-fly" syntax checking information may be incorrect. [D:\xlinx\11PSK–°Œ Ã‚\2023D_FPGA\Design\Code\MEASURE\ma_measure.v:]
WARNING: [filemgmt 56-199] Attempt to get parsing info during refresh. "On-the-fly" syntax checking information may be incorrect. [D:\xlinx\11PSK–°Œ Ã‚\2023D_FPGA\Design\Code\ADDA\ad_da_test.v:]
WARNING: [filemgmt 56-199] Attempt to get parsing info during refresh. "On-the-fly" syntax checking information may be incorrect. [D:\xlinx\11PSK–°Œ Ã‚\2023D_FPGA\Design\Code\MEASURE\measure.v:]
WARNING: [filemgmt 56-199] Attempt to get parsing info during refresh. "On-the-fly" syntax checking information may be incorrect. [D:\xlinx\11PSK–°Œ Ã‚\2023D_FPGA\Design\Code\ADDA\ad_da_test.v:]
WARNING: [filemgmt 56-199] Attempt to get parsing info during refresh. "On-the-fly" syntax checking information may be incorrect. [D:\xlinx\11PSK–°Œ Ã‚\2023D_FPGA\Design\Code\ADDA\ad_da_test.v:]
ERROR: [Common 17-180] Spawn failed: Illegal byte sequence
exit
INFO: [Common 17-206] Exiting Vivado at Thu Apr 10 03:11:06 2025...
