#-----------------------------------------------------------
# Vivado v2024.2 (64-bit)
# SW Build 5239630 on Fri Nov 08 22:35:27 MST 2024
# IP Build 5239520 on Sun Nov 10 16:12:51 MST 2024
# SharedData Build 5239561 on Fri Nov 08 14:39:27 MST 2024
# Start of session at: Thu Mar 20 19:26:29 2025
# Process ID         : 10404
# Current directory  : D:/2024E_Design/2023D/FPGA_Code/2023D_FPGA
# Command line       : vivado.exe -gui_launcher_event rodinguilauncherevent22380 D:\2024E_Design\2023D\FPGA_Code\2023D_FPGA\2023D_FPGA.xpr
# Log file           : D:/2024E_Design/2023D/FPGA_Code/2023D_FPGA/vivado.log
# Journal file       : D:/2024E_Design/2023D/FPGA_Code/2023D_FPGA\vivado.jou
# Running On         : Petrichor-Legion
# Platform           : Windows Server 2016 or Windows 10
# Operating System   : 22631
# Processor Detail   : 12th Gen Intel(R) Core(TM) i7-12700H
# CPU Frequency      : 2688 MHz
# CPU Physical cores : 14
# CPU Logical cores  : 20
# Host memory        : 16890 MB
# Swap memory        : 15032 MB
# Total Virtual      : 31923 MB
# Available Virtual  : 21317 MB
#-----------------------------------------------------------
start_gui
open_project D:/2024E_Design/2023D/FPGA_Code/2023D_FPGA/2023D_FPGA.xpr
WARNING: [Board 49-26] cannot add Board Part xilinx.com:zcu208ld:part0:2.0 available at S:/Vivado/Vivado/2024.2/data/xhub/boards/XilinxBoardStore/boards/Xilinx/zcu208ld/production/2.0/board.xml as part xczu58dr-fsvg1517-2-i specified in board_part file is either invalid or not available
WARNING: [Board 49-26] cannot add Board Part xilinx.com:zcu216ld:part0:2.0 available at S:/Vivado/Vivado/2024.2/data/xhub/boards/XilinxBoardStore/boards/Xilinx/zcu216ld/production/2.0/board.xml as part xczu59dr-ffvf1760-2-i specified in board_part file is either invalid or not available
WARNING: [Board 49-26] cannot add Board Part xilinx.com:zcu670ld:part0:1.0 available at S:/Vivado/Vivado/2024.2/data/xhub/boards/XilinxBoardStore/boards/Xilinx/zcu670ld/1.0/board.xml as part xczu57dr-fsve1156-2-i specified in board_part file is either invalid or not available
Scanning sources...
Finished scanning sources
INFO: [IP_Flow 19-234] Refreshing IP repositories
INFO: [IP_Flow 19-1704] No user IP repositories specified
INFO: [IP_Flow 19-2313] Loaded Vivado IP repository 'S:/Vivado/Vivado/2024.2/data/ip'.
INFO: [Project 1-5579] Found utility IPs instantiated in one or more block designs which have equivalent inline hdl with improved performance and reduced diskspace. It is recommended to migrate these utility IPs to inline hdl using the command upgrade_project -migrate_to_inline_hdl. The utility IPs may be deprecated in future releases. More information on inline hdl is available in UG994.
open_project: Time (s): cpu = 00:00:26 ; elapsed = 00:00:28 . Memory (MB): peak = 1480.793 ; gain = 320.973
WARNING: [Common 17-9] Error reading message records.
WARNING: [Common 17-9] Error reading message records.
reset_run synth_1
INFO: [Project 1-1161] Replacing file D:/2024E_Design/2023D/FPGA_Code/2023D_FPGA/2023D_FPGA.srcs/utils_1/imports/synth_1/dds_wrapper.dcp with file D:/2024E_Design/2023D/FPGA_Code/2023D_FPGA/2023D_FPGA.runs/synth_1/top.dcp
WARNING: [Vivado 12-1017] Problems encountered:
1. Failed to delete one or more files in run directory D:/2024E_Design/2023D/FPGA_Code/2023D_FPGA/2023D_FPGA.runs/synth_1

launch_runs impl_1 -jobs 20
[Thu Mar 20 19:58:44 2025] Launched synth_1...
Run output will be captured here: D:/2024E_Design/2023D/FPGA_Code/2023D_FPGA/2023D_FPGA.runs/synth_1/runme.log
[Thu Mar 20 19:58:44 2025] Launched impl_1...
Run output will be captured here: D:/2024E_Design/2023D/FPGA_Code/2023D_FPGA/2023D_FPGA.runs/impl_1/runme.log
open_hw_manager
connect_hw_server -allow_non_jtag
INFO: [Labtools 27-2285] Connecting to hw_server url TCP:localhost:3121
INFO: [Labtools 27-2222] Launching hw_server...
INFO: [Labtools 27-2221] Launch Output:

****** Xilinx hw_server v2024.2
  **** Build date : Oct 29 2024 at 10:25:41
    ** Copyright 1986-2022 Xilinx, Inc. All Rights Reserved.


INFO: [Labtools 27-3415] Connecting to cs_server url TCP:localhost:0
INFO: [Labtools 27-3417] Launching cs_server...
INFO: [Labtools 27-2221] Launch Output:


******** Xilinx cs_server v2024.2.0
  ****** Build date   : Oct 31 2024-02:19:07
    **** Build number : 2024.2.1730312347
      ** Copyright 2017-2022 Xilinx, Inc. All Rights Reserved.
      ** Copyright 2022-2025 Advanced Micro Devices, Inc. All Rights Reserved.



connect_hw_server: Time (s): cpu = 00:00:00 ; elapsed = 00:00:11 . Memory (MB): peak = 1519.297 ; gain = 0.000
open_hw_target
INFO: [Labtoolstcl 44-466] Opening hw_target localhost:3121/xilinx_tcf/Digilent/210512180081
set_property PROGRAM.FILE {D:/2024E_Design/2023D/FPGA_Code/2023D_FPGA/2023D_FPGA.runs/impl_1/top.bit} [get_hw_devices xc7a35t_0]
set_property PROBES.FILE {D:/2024E_Design/2023D/FPGA_Code/2023D_FPGA/2023D_FPGA.runs/impl_1/top.ltx} [get_hw_devices xc7a35t_0]
set_property FULL_PROBES.FILE {D:/2024E_Design/2023D/FPGA_Code/2023D_FPGA/2023D_FPGA.runs/impl_1/top.ltx} [get_hw_devices xc7a35t_0]
current_hw_device [get_hw_devices xc7a35t_0]
refresh_hw_device [lindex [get_hw_devices xc7a35t_0] 0]
INFO: [Labtools 27-1434] Device xc7a35t (JTAG device index = 0) is programmed with a design that has no supported debug core(s) in it.
WARNING: [Labtools 27-3361] The debug hub core was not detected.
Resolution: 
1. Make sure the clock connected to the debug hub (dbg_hub) core is a free running clock and is active.
2. Make sure the BSCAN_SWITCH_USER_MASK device property in Vivado Hardware Manager reflects the user scan chain setting in the design and refresh the device.  To determine the user scan chain setting in the design, open the implemented design and use 'get_property C_USER_SCAN_CHAIN [get_debug_cores dbg_hub]'.
For more details on setting the scan chain property, consult the Vivado Debug and Programming User Guide (UG908).
WARNING: [Labtools 27-3413] Dropping logic core with cellname:'ila_0_inst' at location 'uuid_D8923DF3E0CA58EF8F947DE50E816F31' from probes file, since it cannot be found on the programmed device.
set_property PROBES.FILE {D:/2024E_Design/2023D/FPGA_Code/2023D_FPGA/2023D_FPGA.runs/impl_1/top.ltx} [get_hw_devices xc7a35t_0]
set_property FULL_PROBES.FILE {D:/2024E_Design/2023D/FPGA_Code/2023D_FPGA/2023D_FPGA.runs/impl_1/top.ltx} [get_hw_devices xc7a35t_0]
set_property PROGRAM.FILE {D:/2024E_Design/2023D/FPGA_Code/2023D_FPGA/2023D_FPGA.runs/impl_1/top.bit} [get_hw_devices xc7a35t_0]
program_hw_devices [get_hw_devices xc7a35t_0]
INFO: [Labtools 27-3164] End of startup status: HIGH
refresh_hw_device [lindex [get_hw_devices xc7a35t_0] 0]
INFO: [Labtools 27-2302] Device xc7a35t (JTAG device index = 0) is programmed with a design that has 1 ILA core(s).
display_hw_ila_data [ get_hw_ila_data hw_ila_data_1 -of_objects [get_hw_ilas -of_objects [get_hw_devices xc7a35t_0] -filter {CELL_NAME=~"ila_0_inst"}]]
run_hw_ila [get_hw_ilas -of_objects [get_hw_devices xc7a35t_0] -filter {CELL_NAME=~"ila_0_inst"}]
INFO: [Labtools 27-1964] The ILA core 'hw_ila_1' trigger was armed at 2025-Mar-20 20:08:44
wait_on_hw_ila [get_hw_ilas -of_objects [get_hw_devices xc7a35t_0] -filter {CELL_NAME=~"ila_0_inst"}]
display_hw_ila_data [upload_hw_ila_data [get_hw_ilas -of_objects [get_hw_devices xc7a35t_0] -filter {CELL_NAME=~"ila_0_inst"}]]
INFO: [Labtools 27-1966] The ILA core 'hw_ila_1' triggered at 2025-Mar-20 20:08:44
INFO: [Labtools 27-3304] ILA Waveform data saved to file D:/2024E_Design/2023D/FPGA_Codeexit
INFO: [Common 17-206] Exiting Vivado at Thu Mar 20 20:17:42 2025...
_hw_ila_data' or Vivado File->Import->Import ILA Data menu item to import the previously saved data.
run_hw_ila [get_hw_ilas -of_objects [get_hw_devices xc7a35t_0] -filter {CELL_NAME=~"ila_0_inst"}]
INFO: [Labtools 27-1964] The ILA core 'hw_ila_1' trigger was armed at 2025-Mar-20 20:09:56
wait_on_hw_ila [get_hw_ilas -of_objects [get_hw_devices xc7a35t_0] -filter {CELL_NAME=~"ila_0_inst"}]
display_hw_ila_data [upload_hw_ila_data [get_hw_ilas -of_objects [get_hw_devices xc7a35t_0] -filter {CELL_NAME=~"ila_0_inst"}]]
INFO: [Labtools 27-1966] The ILA core 'hw_ila_1' triggered at 2025-Mar-20 20:09:56
INFO: [Labtools 27-3304] ILA Waveform data saved to file D:/2024E_Design/2023D/FPGA_Code/2023D_FPGA/2023D_FPGA.hw/backup/hw_ila_data_1.ila. Use Tcl command 'read_hw_ila_data' or Vivado File->Import->Import ILA Data menu item to import the previously saved data.
add_wave -into {hw_ila_data_1.wcfg} -radix hex { {ad_data_IBUF} }
add_wave -into {hw_ila_data_1.wcfg} -radix unsigned { {da_data_OBUF} }
run_hw_ila [get_hw_ilas -of_objects [get_hw_devices xc7a35t_0] -filter {CELL_NAME=~"ila_0_inst"}]
INFO: [Labtools 27-1964] The ILA core 'hw_ila_1' trigger was armed at 2025-Mar-20 20:10:05
wait_on_hw_ila [get_hw_ilas -of_objects [get_hw_devices xc7a35t_0] -filter {CELL_NAME=~"ila_0_inst"}]
display_hw_ila_data [upload_hw_ila_data [get_hw_ilas -of_objects [get_hw_devices xc7a35t_0] -filter {CELL_NAME=~"ila_0_inst"}]]
INFO: [Labtools 27-1966] The ILA core 'hw_ila_1' triggered at 2025-Mar-20 20:10:05
INFO: [Labtools 27-3304] ILA Waveform data saved to file D:/2024E_Design/2023D/FPGA_Code/2023D_FPGA/2023D_FPGA.hw/backup/hw_ila_data_1.ila. Use Tcl command 'read_hw_ila_data' or Vivado File->Import->Import ILA Data menu item to import the previously saved data.
add_wave -into {hw_ila_data_1.wcfg} -radix hex { {ad_data_IBUF} }
add_wave -into {hw_ila_data_1.wcfg} -radix unsigned { {da_data_OBUF} }
run_hw_ila [get_hw_ilas -of_objects [get_hw_devices xc7a35t_0] -filter {CELL_NAME=~"ila_0_inst"}]
INFO: [Labtools 27-1964] The ILA core 'hw_ila_1' trigger was armed at 2025-Mar-20 20:10:47
wait_on_hw_ila [get_hw_ilas -of_objects [get_hw_devices xc7a35t_0] -filter {CELL_NAME=~"ila_0_inst"}]
display_hw_ila_data [upload_hw_ila_data [get_hw_ilas -of_objects [get_hw_devices xc7a35t_0] -filter {CELL_NAME=~"ila_0_inst"}]]
INFO: [Labtools 27-1966] The ILA core 'hw_ila_1' triggered at 2025-Mar-20 20:10:47
INFO: [Labtools 27-3304] ILA Waveform data saved to file D:/2024E_Design/2023D/FPGA_Code/2023D_FPGA/2023D_FPGA.hw/backup/hw_ila_data_1.ila. Use Tcl command 'read_hw_ila_data' or Vivado File->Import->Import ILA Data menu item to import the previously saved data.
run_hw_ila [get_hw_ilas -of_objects [get_hw_devices xc7a35t_0] -filter {CELL_NAME=~"ila_0_inst"}]
INFO: [Labtools 27-1964] The ILA core 'hw_ila_1' trigger was armed at 2025-Mar-20 20:11:14
wait_on_hw_ila [get_hw_ilas -of_objects [get_hw_devices xc7a35t_0] -filter {CELL_NAME=~"ila_0_inst"}]
display_hw_ila_data [upload_hw_ila_data [get_hw_ilas -of_objects [get_hw_devices xc7a35t_0] -filter {CELL_NAME=~"ila_0_inst"}]]
INFO: [Labtools 27-1966] The ILA core 'hw_ila_1' triggered at 2025-Mar-20 20:11:14
INFO: [Labtools 27-3304] ILA Waveform data saved to file D:/2024E_Design/2023D/FPGA_Code/2023D_FPGA/2023D_FPGA.hw/backup/hw_ila_data_1.ila. Use Tcl command 'read_hw_ila_data' or Vivado File->Import->Import ILA Data menu item to import the previously saved data.
run_hw_ila [get_hw_ilas -of_objects [get_hw_devices xc7a35t_0] -filter {CELL_NAME=~"ila_0_inst"}]
INFO: [Labtools 27-1964] The ILA core 'hw_ila_1' trigger was armed at 2025-Mar-20 20:11:26
wait_on_hw_ila [get_hw_ilas -of_objects [get_hw_devices xc7a35t_0] -filter {CELL_NAME=~"ila_0_inst"}]
display_hw_ila_data [upload_hw_ila_data [get_hw_ilas -of_objects [get_hw_devices xc7a35t_0] -filter {CELL_NAME=~"ila_0_inst"}]]
INFO: [Labtools 27-1966] The ILA core 'hw_ila_1' triggered at 2025-Mar-20 20:11:26
INFO: [Labtools 27-3304] ILA Waveform data saved to file D:/2024E_Design/2023D/FPGA_Code/2023D_FPGA/2023D_FPGA.hw/backup/hw_ila_data_1.ila. Use Tcl command 'read_hw_ila_data' or Vivado File->Import->Import ILA Data menu item to import the previously saved data.
run_hw_ila [get_hw_ilas -of_objects [get_hw_devices xc7a35t_0] -filter {CELL_NAME=~"ila_0_inst"}]
INFO: [Labtools 27-1964] The ILA core 'hw_ila_1' trigger was armed at 2025-Mar-20 20:11:30
wait_on_hw_ila [get_hw_ilas -of_objects [get_hw_devices xc7a35t_0] -filter {CELL_NAME=~"ila_0_inst"}]
display_hw_ila_data [upload_hw_ila_data [get_hw_ilas -of_objects [get_hw_devices xc7a35t_0] -filter {CELL_NAME=~"ila_0_inst"}]]
INFO: [Labtools 27-1966] The ILA core 'hw_ila_1' triggered at 2025-Mar-20 20:11:30
INFO: [Labtools 27-3304] ILA Waveform data saved to file D:/2024E_Design/2023D/FPGA_Code/2023D_FPGA/2023D_FPGA.hw/backup/hw_ila_data_1.ila. Use Tcl command 'read_hw_ila_data' or Vivado File->Import->Import ILA Data menu item to import the previously saved data.
run_hw_ila [get_hw_ilas -of_objects [get_hw_devices xc7a35t_0] -filter {CELL_NAME=~"ila_0_inst"}]
INFO: [Labtools 27-1964] The ILA core 'hw_ila_1' trigger was armed at 2025-Mar-20 20:11:33
wait_on_hw_ila [get_hw_ilas -of_objects [get_hw_devices xc7a35t_0] -filter {CELL_NAME=~"ila_0_inst"}]
display_hw_ila_data [upload_hw_ila_data [get_hw_ilas -of_objects [get_hw_devices xc7a35t_0] -filter {CELL_NAME=~"ila_0_inst"}]]
INFO: [Labtools 27-1966] The ILA core 'hw_ila_1' triggered at 2025-Mar-20 20:11:33
INFO: [Labtools 27-3304] ILA Waveform data saved to file D:/2024E_Design/2023D/FPGA_Code/2023D_FPGA/2023D_FPGA.hw/backup/hw_ila_data_1.ila. Use Tcl command 'read_hw_ila_data' or Vivado File->Import->Import ILA Data menu item to import the previously saved data.
run_hw_ila [get_hw_ilas -of_objects [get_hw_devices xc7a35t_0] -filter {CELL_NAME=~"ila_0_inst"}]
INFO: [Labtools 27-1964] The ILA core 'hw_ila_1' trigger was armed at 2025-Mar-20 20:11:37
wait_on_hw_ila [get_hw_ilas -of_objects [get_hw_devices xc7a35t_0] -filter {CELL_NAME=~"ila_0_inst"}]
display_hw_ila_data [upload_hw_ila_data [get_hw_ilas -of_objects [get_hw_devices xc7a35t_0] -filter {CELL_NAME=~"ila_0_inst"}]]
INFO: [Labtools 27-1966] The ILA core 'hw_ila_1' triggered at 2025-Mar-20 20:11:37
INFO: [Labtools 27-3304] ILA Waveform data saved to file D:/2024E_Design/2023D/FPGA_Code/2023D_FPGA/2023D_FPGA.hw/backup/hw_ila_data_1.ila. Use Tcl command 'read_hw_ila_data' or Vivado File->Import->Import ILA Data menu item to import the previously saved data.
run_hw_ila [get_hw_ilas -of_objects [get_hw_devices xc7a35t_0] -filter {CELL_NAME=~"ila_0_inst"}]
INFO: [Labtools 27-1964] The ILA core 'hw_ila_1' trigger was armed at 2025-Mar-20 20:11:41
wait_on_hw_ila [get_hw_ilas -of_objects [get_hw_devices xc7a35t_0] -filter {CELL_NAME=~"ila_0_inst"}]
display_hw_ila_data [upload_hw_ila_data [get_hw_ilas -of_objects [get_hw_devices xc7a35t_0] -filter {CELL_NAME=~"ila_0_inst"}]]
INFO: [Labtools 27-1966] The ILA core 'hw_ila_1' triggered at 2025-Mar-20 20:11:41
INFO: [Labtools 27-3304] ILA Waveform data saved to file D:/2024E_Design/2023D/FPGA_Code/2023D_FPGA/2023D_FPGA.hw/backup/hw_ila_data_1.ila. Use Tcl command 'read_hw_ila_data' or Vivado File->Import->Import ILA Data menu item to import the previously saved data.
save_wave_config {D:/2024E_Design/2023D/FPGA_Code/2023D_FPGA/2023D_FPGA.hw/hw_1/wave/hw_ila_data_1/hw_ila_data_1.wcfg}
exit
INFO: [Common 17-206] Exiting Vivado at Thu Mar 20 20:17:31 2025...
